<?xml version="1.0" encoding="UTF-8"?>
<!-- Generated by org.testng.reporters.JUnitReportReporter -->
<testsuite skipped="1" hostname="jeevan" name="com.capgemini.testrunner.TC_03_TestRunner" tests="1" failures="0" timestamp="05 May 2020 11:44:18 GMT" time="0.000" errors="0">
  <testcase name="feature" time="0.000" classname="com.capgemini.testrunner.TC_03_TestRunner">
    <skipped/>
  </testcase> <!-- feature -->
</testsuite> <!-- com.capgemini.testrunner.TC_03_TestRunner -->
