<?xml version="1.0" encoding="UTF-8"?>
<!-- Generated by org.testng.reporters.JUnitReportReporter -->
<testsuite skipped="1" hostname="jeevan" name="com.capgemini.testrunner.TC_01_TestRunner" tests="1" failures="0" timestamp="06 May 2020 05:10:33 GMT" time="0.000" errors="0">
  <testcase name="feature" time="0.000" classname="com.capgemini.testrunner.TC_01_TestRunner">
    <skipped/>
  </testcase> <!-- feature -->
</testsuite> <!-- com.capgemini.testrunner.TC_01_TestRunner -->
